==390160== Memcheck, a memory error detector
==390160== Copyright (C) 2002-2017, and GNU GPL'd, by Julian Seward et al.
==390160== Using Valgrind-3.15.0 and LibVEX; rerun with -h for copyright info
==390160== Command: ./hsh
==390160== Parent PID: 193107
==390160== 
==390160== Invalid free() / delete / delete[] / realloc()
==390160==    at 0x483CA3F: free (in /usr/lib/x86_64-linux-gnu/valgrind/vgpreload_memcheck-amd64-linux.so)
==390160==    by 0x109C3C: frees_tokens (in /home/vagrant/holbertonschool-simple_shell/hsh)
==390160==    by 0x109B03: handle_exit (in /home/vagrant/holbertonschool-simple_shell/hsh)
==390160==    by 0x109508: execBuiltInCommands (in /home/vagrant/holbertonschool-simple_shell/hsh)
==390160==    by 0x109EC4: main (in /home/vagrant/holbertonschool-simple_shell/hsh)
==390160==  Address 0x4a46548 is 8 bytes inside a block of size 16 free'd
==390160==    at 0x483CA3F: free (in /usr/lib/x86_64-linux-gnu/valgrind/vgpreload_memcheck-amd64-linux.so)
==390160==    by 0x109C3C: frees_tokens (in /home/vagrant/holbertonschool-simple_shell/hsh)
==390160==    by 0x109B03: handle_exit (in /home/vagrant/holbertonschool-simple_shell/hsh)
==390160==    by 0x109508: execBuiltInCommands (in /home/vagrant/holbertonschool-simple_shell/hsh)
==390160==    by 0x109EC4: main (in /home/vagrant/holbertonschool-simple_shell/hsh)
==390160==  Block was alloc'd at
==390160==    at 0x483B7F3: malloc (in /usr/lib/x86_64-linux-gnu/valgrind/vgpreload_memcheck-amd64-linux.so)
==390160==    by 0x109FFA: tokenize (in /home/vagrant/holbertonschool-simple_shell/hsh)
==390160==    by 0x109EA9: main (in /home/vagrant/holbertonschool-simple_shell/hsh)
==390160== 
==390160== Invalid write of size 1
==390160==    at 0x48436A6: mempcpy (in /usr/lib/x86_64-linux-gnu/valgrind/vgpreload_memcheck-amd64-linux.so)
==390160==    by 0x48E0631: _IO_new_file_xsputn (fileops.c:1236)
==390160==    by 0x48E0631: _IO_file_xsputn@@GLIBC_2.2.5 (fileops.c:1197)
==390160==    by 0x48C7971: __vfprintf_internal (vfprintf-internal.c:1373)
==390160==    by 0x48B2D3E: printf (printf.c:33)
==390160==    by 0x109C28: frees_tokens (in /home/vagrant/holbertonschool-simple_shell/hsh)
==390160==    by 0x109B03: handle_exit (in /home/vagrant/holbertonschool-simple_shell/hsh)
==390160==    by 0x109508: execBuiltInCommands (in /home/vagrant/holbertonschool-simple_shell/hsh)
==390160==    by 0x109EC4: main (in /home/vagrant/holbertonschool-simple_shell/hsh)
==390160==  Address 0x4a467b3 is 387 bytes inside a block of size 1,024 free'd
==390160==    at 0x483CA3F: free (in /usr/lib/x86_64-linux-gnu/valgrind/vgpreload_memcheck-amd64-linux.so)
==390160==    by 0x109C3C: frees_tokens (in /home/vagrant/holbertonschool-simple_shell/hsh)
==390160==    by 0x109B03: handle_exit (in /home/vagrant/holbertonschool-simple_shell/hsh)
==390160==    by 0x109508: execBuiltInCommands (in /home/vagrant/holbertonschool-simple_shell/hsh)
==390160==    by 0x109EC4: main (in /home/vagrant/holbertonschool-simple_shell/hsh)
==390160==  Block was alloc'd at
==390160==    at 0x483B7F3: malloc (in /usr/lib/x86_64-linux-gnu/valgrind/vgpreload_memcheck-amd64-linux.so)
==390160==    by 0x48D2D03: _IO_file_doallocate (filedoalloc.c:101)
==390160==    by 0x48E2ECF: _IO_doallocbuf (genops.c:347)
==390160==    by 0x48E1F2F: _IO_file_overflow@@GLIBC_2.2.5 (fileops.c:745)
==390160==    by 0x48E06B4: _IO_new_file_xsputn (fileops.c:1244)
==390160==    by 0x48E06B4: _IO_file_xsputn@@GLIBC_2.2.5 (fileops.c:1197)
==390160==    by 0x48C7971: __vfprintf_internal (vfprintf-internal.c:1373)
==390160==    by 0x48B2D3E: printf (printf.c:33)
==390160==    by 0x10A0B8: tokenize (in /home/vagrant/holbertonschool-simple_shell/hsh)
==390160==    by 0x109EA9: main (in /home/vagrant/holbertonschool-simple_shell/hsh)
==390160== 
==390160== Syscall param write(buf) points to unaddressable byte(s)
==390160==    at 0x495F077: write (write.c:26)
==390160==    by 0x48DFE8C: _IO_file_write@@GLIBC_2.2.5 (fileops.c:1181)
==390160==    by 0x48E1950: new_do_write (fileops.c:449)
==390160==    by 0x48E1950: _IO_new_do_write (fileops.c:426)
==390160==    by 0x48E1950: _IO_do_write@@GLIBC_2.2.5 (fileops.c:423)
==390160==    by 0x48E06B4: _IO_new_file_xsputn (fileops.c:1244)
==390160==    by 0x48E06B4: _IO_file_xsputn@@GLIBC_2.2.5 (fileops.c:1197)
==390160==    by 0x48C7971: __vfprintf_internal (vfprintf-internal.c:1373)
==390160==    by 0x48B2D3E: printf (printf.c:33)
==390160==    by 0x109C28: frees_tokens (in /home/vagrant/holbertonschool-simple_shell/hsh)
==390160==    by 0x109B03: handle_exit (in /home/vagrant/holbertonschool-simple_shell/hsh)
==390160==    by 0x109508: execBuiltInCommands (in /home/vagrant/holbertonschool-simple_shell/hsh)
==390160==    by 0x109EC4: main (in /home/vagrant/holbertonschool-simple_shell/hsh)
==390160==  Address 0x4a46630 is 0 bytes inside a block of size 1,024 free'd
==390160==    at 0x483CA3F: free (in /usr/lib/x86_64-linux-gnu/valgrind/vgpreload_memcheck-amd64-linux.so)
==390160==    by 0x109C3C: frees_tokens (in /home/vagrant/holbertonschool-simple_shell/hsh)
==390160==    by 0x109B03: handle_exit (in /home/vagrant/holbertonschool-simple_shell/hsh)
==390160==    by 0x109508: execBuiltInCommands (in /home/vagrant/holbertonschool-simple_shell/hsh)
==390160==    by 0x109EC4: main (in /home/vagrant/holbertonschool-simple_shell/hsh)
==390160==  Block was alloc'd at
==390160==    at 0x483B7F3: malloc (in /usr/lib/x86_64-linux-gnu/valgrind/vgpreload_memcheck-amd64-linux.so)
==390160==    by 0x48D2D03: _IO_file_doallocate (filedoalloc.c:101)
==390160==    by 0x48E2ECF: _IO_doallocbuf (genops.c:347)
==390160==    by 0x48E1F2F: _IO_file_overflow@@GLIBC_2.2.5 (fileops.c:745)
==390160==    by 0x48E06B4: _IO_new_file_xsputn (fileops.c:1244)
==390160==    by 0x48E06B4: _IO_file_xsputn@@GLIBC_2.2.5 (fileops.c:1197)
==390160==    by 0x48C7971: __vfprintf_internal (vfprintf-internal.c:1373)
==390160==    by 0x48B2D3E: printf (printf.c:33)
==390160==    by 0x10A0B8: tokenize (in /home/vagrant/holbertonschool-simple_shell/hsh)
==390160==    by 0x109EA9: main (in /home/vagrant/holbertonschool-simple_shell/hsh)
==390160== 
==390160== Invalid write of size 1
==390160==    at 0x48E1DC8: _IO_file_overflow@@GLIBC_2.2.5 (fileops.c:781)
==390160==    by 0x48E3023: _IO_default_xsputn (genops.c:399)
==390160==    by 0x48E3023: _IO_default_xsputn (genops.c:370)
==390160==    by 0x48E06F9: _IO_new_file_xsputn (fileops.c:1265)
==390160==    by 0x48E06F9: _IO_file_xsputn@@GLIBC_2.2.5 (fileops.c:1197)
==390160==    by 0x48C7971: __vfprintf_internal (vfprintf-internal.c:1373)
==390160==    by 0x48B2D3E: printf (printf.c:33)
==390160==    by 0x109C28: frees_tokens (in /home/vagrant/holbertonschool-simple_shell/hsh)
==390160==    by 0x109B03: handle_exit (in /home/vagrant/holbertonschool-simple_shell/hsh)
==390160==    by 0x109508: execBuiltInCommands (in /home/vagrant/holbertonschool-simple_shell/hsh)
==390160==    by 0x109EC4: main (in /home/vagrant/holbertonschool-simple_shell/hsh)
==390160==  Address 0x4a46630 is 0 bytes inside a block of size 1,024 free'd
==390160==    at 0x483CA3F: free (in /usr/lib/x86_64-linux-gnu/valgrind/vgpreload_memcheck-amd64-linux.so)
==390160==    by 0x109C3C: frees_tokens (in /home/vagrant/holbertonschool-simple_shell/hsh)
==390160==    by 0x109B03: handle_exit (in /home/vagrant/holbertonschool-simple_shell/hsh)
==390160==    by 0x109508: execBuiltInCommands (in /home/vagrant/holbertonschool-simple_shell/hsh)
==390160==    by 0x109EC4: main (in /home/vagrant/holbertonschool-simple_shell/hsh)
==390160==  Block was alloc'd at
==390160==    at 0x483B7F3: malloc (in /usr/lib/x86_64-linux-gnu/valgrind/vgpreload_memcheck-amd64-linux.so)
==390160==    by 0x48D2D03: _IO_file_doallocate (filedoalloc.c:101)
==390160==    by 0x48E2ECF: _IO_doallocbuf (genops.c:347)
==390160==    by 0x48E1F2F: _IO_file_overflow@@GLIBC_2.2.5 (fileops.c:745)
==390160==    by 0x48E06B4: _IO_new_file_xsputn (fileops.c:1244)
==390160==    by 0x48E06B4: _IO_file_xsputn@@GLIBC_2.2.5 (fileops.c:1197)
==390160==    by 0x48C7971: __vfprintf_internal (vfprintf-internal.c:1373)
==390160==    by 0x48B2D3E: printf (printf.c:33)
==390160==    by 0x10A0B8: tokenize (in /home/vagrant/holbertonschool-simple_shell/hsh)
==390160==    by 0x109EA9: main (in /home/vagrant/holbertonschool-simple_shell/hsh)
==390160== 
==390160== 
==390160== More than 10000000 total errors detected.  I'm not reporting any more.
==390160== Final error counts will be inaccurate.  Go fix your program!
==390160== Rerun with --error-limit=no to disable this cutoff.  Note
==390160== that errors may occur in your program without prior warning from
==390160== Valgrind, because errors are no longer being displayed.
==390160== 
==390160== 
==390160== Process terminating with default action of signal 1 (SIGHUP)
==390160==    at 0x495F077: write (write.c:26)
==390160==    by 0x48DFE8C: _IO_file_write@@GLIBC_2.2.5 (fileops.c:1181)
==390160==    by 0x48E1950: new_do_write (fileops.c:449)
==390160==    by 0x48E1950: _IO_new_do_write (fileops.c:426)
==390160==    by 0x48E1950: _IO_do_write@@GLIBC_2.2.5 (fileops.c:423)
==390160==    by 0x48E06B4: _IO_new_file_xsputn (fileops.c:1244)
==390160==    by 0x48E06B4: _IO_file_xsputn@@GLIBC_2.2.5 (fileops.c:1197)
==390160==    by 0x48C7971: __vfprintf_internal (vfprintf-internal.c:1373)
==390160==    by 0x48B2D3E: printf (printf.c:33)
==390160==    by 0x109C28: frees_tokens (in /home/vagrant/holbertonschool-simple_shell/hsh)
==390160==    by 0x109B03: handle_exit (in /home/vagrant/holbertonschool-simple_shell/hsh)
==390160==    by 0x109508: execBuiltInCommands (in /home/vagrant/holbertonschool-simple_shell/hsh)
==390160==    by 0x109EC4: main (in /home/vagrant/holbertonschool-simple_shell/hsh)
==390160== 
==390160== HEAP SUMMARY:
==390160==     in use at exit: 120 bytes in 1 blocks
==390160==   total heap usage: 6 allocs, 12,894,637 frees, 2,194 bytes allocated
==390160== 
==390160== LEAK SUMMARY:
==390160==    definitely lost: 0 bytes in 0 blocks
==390160==    indirectly lost: 0 bytes in 0 blocks
==390160==      possibly lost: 0 bytes in 0 blocks
==390160==    still reachable: 120 bytes in 1 blocks
==390160==         suppressed: 0 bytes in 0 blocks
==390160== Reachable blocks (those to which a pointer was found) are not shown.
==390160== To see them, rerun with: --leak-check=full --show-leak-kinds=all
==390160== 
==390160== For lists of detected and suppressed errors, rerun with: -s
==390160== ERROR SUMMARY: 10000000 errors from 4 contexts (suppressed: 0 from 0)
